<?xml version="1.0" encoding="UTF-8"?>
<testng-results skipped="0" failed="1" total="1" passed="0">
  <reporter-output>
    <line>
      <![CDATA[Browser: null<br />]]>
    </line>
    <line>
      <![CDATA[<br/> Initial PopUp Closed.]]>
    </line>
    <line>
      <![CDATA[<br/> Login link clicked]]>
    </line>
    <line>
      <![CDATA[<br/> Assertion: Center Point 69 verified.]]>
    </line>
    <line>
      <![CDATA[<br/>Assertion: Center text 3Pott verified.]]>
    </line>
    <line>
      <![CDATA[<br/>Assertion: UserName in the bottom of the page verified.]]>
    </line>
    <line>
      <![CDATA[Saved]]>
    </line>
    <line>
      <![CDATA[<a target='_blank' href='../html/screenshots/13_Jul_2014__04_46_09PM.png'>View Screenshot</a>]]>
    </line>
  </reporter-output>
  <suite name="Default suite" duration-ms="178804" started-at="2014-07-13T11:13:10Z" finished-at="2014-07-13T11:16:09Z">
    <groups>
    </groups>
    <test name="Default test" duration-ms="178804" started-at="2014-07-13T11:13:10Z" finished-at="2014-07-13T11:16:09Z">
      <class name="test.Test_Tre">
        <test-method status="FAIL" signature="TC1_verifyDetailsAfterLogin()[pri:0, instance:test.Test_Tre@799f4192]" name="TC1_verifyDetailsAfterLogin" duration-ms="177830" started-at="2014-07-13T16:43:10Z" finished-at="2014-07-13T16:46:08Z">
          <exception class="org.openqa.selenium.NoSuchElementException">
            <message>
              <![CDATA[Unable to locate element: {"method":"xpath","selector":"//*[@dy='12.501180467625517' and contains(.,'0')]"}
Command duration or timeout: 22 milliseconds
For documentation on this error, please visit: http://seleniumhq.org/exceptions/no_such_element.html
Build info: version: '2.41.0', revision: '3192d8a', time: '2014-03-27 17:17:32'
System info: host: 'HIRAL-HP', ip: '192.168.1.100', os.name: 'Windows 7', os.arch: 'amd64', os.version: '6.1', java.version: '1.7.0_60'
Session ID: 38073c09-bb29-4114-9fb9-bebb96db11fb
Driver info: org.openqa.selenium.firefox.FirefoxDriver
Capabilities [{platform=XP, acceptSslCerts=true, javascriptEnabled=true, cssSelectorsEnabled=true, databaseEnabled=true, browserName=firefox, handlesAlerts=true, browserConnectionEnabled=true, webStorageEnabled=true, nativeEvents=false, rotatable=false, locationContextEnabled=true, applicationCacheEnabled=true, takesScreenshot=true, version=20.0}]]]>
            </message>
            <full-stacktrace>
              <![CDATA[org.openqa.selenium.NoSuchElementException: Unable to locate element: {"method":"xpath","selector":"//*[@dy='12.501180467625517' and contains(.,'0')]"}
Command duration or timeout: 22 milliseconds
For documentation on this error, please visit: http://seleniumhq.org/exceptions/no_such_element.html
Build info: version: '2.41.0', revision: '3192d8a', time: '2014-03-27 17:17:32'
System info: host: 'HIRAL-HP', ip: '192.168.1.100', os.name: 'Windows 7', os.arch: 'amd64', os.version: '6.1', java.version: '1.7.0_60'
Session ID: 38073c09-bb29-4114-9fb9-bebb96db11fb
Driver info: org.openqa.selenium.firefox.FirefoxDriver
Capabilities [{platform=XP, acceptSslCerts=true, javascriptEnabled=true, cssSelectorsEnabled=true, databaseEnabled=true, browserName=firefox, handlesAlerts=true, browserConnectionEnabled=true, webStorageEnabled=true, nativeEvents=false, rotatable=false, locationContextEnabled=true, applicationCacheEnabled=true, takesScreenshot=true, version=20.0}]
	at sun.reflect.NativeConstructorAccessorImpl.newInstance0(Native Method)
	at sun.reflect.NativeConstructorAccessorImpl.newInstance(Unknown Source)
	at sun.reflect.DelegatingConstructorAccessorImpl.newInstance(Unknown Source)
	at java.lang.reflect.Constructor.newInstance(Unknown Source)
	at org.openqa.selenium.remote.ErrorHandler.createThrowable(ErrorHandler.java:193)
	at org.openqa.selenium.remote.ErrorHandler.throwIfResponseFailed(ErrorHandler.java:145)
	at org.openqa.selenium.remote.RemoteWebDriver.execute(RemoteWebDriver.java:595)
	at org.openqa.selenium.remote.RemoteWebDriver.findElement(RemoteWebDriver.java:348)
	at org.openqa.selenium.remote.RemoteWebDriver.findElementByXPath(RemoteWebDriver.java:445)
	at org.openqa.selenium.By$ByXPath.findElement(By.java:357)
	at org.openqa.selenium.remote.RemoteWebDriver.findElement(RemoteWebDriver.java:340)
	at test.Test_Tre.TC1_verifyDetailsAfterLogin(Test_Tre.java:83)
	at sun.reflect.NativeMethodAccessorImpl.invoke0(Native Method)
	at sun.reflect.NativeMethodAccessorImpl.invoke(Unknown Source)
	at sun.reflect.DelegatingMethodAccessorImpl.invoke(Unknown Source)
	at java.lang.reflect.Method.invoke(Unknown Source)
	at org.testng.internal.MethodInvocationHelper.invokeMethod(MethodInvocationHelper.java:84)
	at org.testng.internal.Invoker.invokeMethod(Invoker.java:714)
	at org.testng.internal.Invoker.invokeTestMethod(Invoker.java:901)
	at org.testng.internal.Invoker.invokeTestMethods(Invoker.java:1231)
	at org.testng.internal.TestMethodWorker.invokeTestMethods(TestMethodWorker.java:127)
	at org.testng.internal.TestMethodWorker.run(TestMethodWorker.java:111)
	at org.testng.TestRunner.privateRun(TestRunner.java:767)
	at org.testng.TestRunner.run(TestRunner.java:617)
	at org.testng.SuiteRunner.runTest(SuiteRunner.java:334)
	at org.testng.SuiteRunner.runSequentially(SuiteRunner.java:329)
	at org.testng.SuiteRunner.privateRun(SuiteRunner.java:291)
	at org.testng.SuiteRunner.run(SuiteRunner.java:240)
	at org.testng.SuiteRunnerWorker.runSuite(SuiteRunnerWorker.java:52)
	at org.testng.SuiteRunnerWorker.run(SuiteRunnerWorker.java:86)
	at org.testng.TestNG.runSuitesSequentially(TestNG.java:1224)
	at org.testng.TestNG.runSuitesLocally(TestNG.java:1149)
	at org.testng.TestNG.run(TestNG.java:1057)
	at org.testng.remote.RemoteTestNG.run(RemoteTestNG.java:111)
	at org.testng.remote.RemoteTestNG.initAndRun(RemoteTestNG.java:204)
	at org.testng.remote.RemoteTestNG.main(RemoteTestNG.java:175)
Caused by: org.openqa.selenium.remote.ErrorHandler$UnknownServerException: Unable to locate element: {"method":"xpath","selector":"//*[@dy='12.501180467625517' and contains(.,'0')]"}
Build info: version: '2.41.0', revision: '3192d8a', time: '2014-03-27 17:17:32'
System info: host: 'HIRAL-HP', ip: '192.168.1.100', os.name: 'Windows 7', os.arch: 'amd64', os.version: '6.1', java.version: '1.7.0_60'
Driver info: driver.version: unknown
	at <anonymous class>.FirefoxDriver.prototype.findElementInternal_(file:///C:/Users/HIRAL/AppData/Local/Temp/anonymous186980343872442223webdriver-profile/extensions/fxdriver@googlecode.com/components/driver_component.js:8905)
	at <anonymous class>.FirefoxDriver.prototype.findElement(file:///C:/Users/HIRAL/AppData/Local/Temp/anonymous186980343872442223webdriver-profile/extensions/fxdriver@googlecode.com/components/driver_component.js:8914)
	at <anonymous class>.DelayedCommand.prototype.executeInternal_/h(file:///C:/Users/HIRAL/AppData/Local/Temp/anonymous186980343872442223webdriver-profile/extensions/fxdriver@googlecode.com/components/command_processor.js:10884)
	at <anonymous class>.DelayedCommand.prototype.executeInternal_(file:///C:/Users/HIRAL/AppData/Local/Temp/anonymous186980343872442223webdriver-profile/extensions/fxdriver@googlecode.com/components/command_processor.js:10889)
	at <anonymous class>.DelayedCommand.prototype.execute/<(file:///C:/Users/HIRAL/AppData/Local/Temp/anonymous186980343872442223webdriver-profile/extensions/fxdriver@googlecode.com/components/command_processor.js:10831)
]]>
            </full-stacktrace>
          </exception> <!-- org.openqa.selenium.NoSuchElementException -->
          <reporter-output>
            <line>
              <![CDATA[Browser: null<br />]]>
            </line>
            <line>
              <![CDATA[<br/> Initial PopUp Closed.]]>
            </line>
            <line>
              <![CDATA[<br/> Login link clicked]]>
            </line>
            <line>
              <![CDATA[<br/> Assertion: Center Point 69 verified.]]>
            </line>
            <line>
              <![CDATA[<br/>Assertion: Center text 3Pott verified.]]>
            </line>
            <line>
              <![CDATA[<br/>Assertion: UserName in the bottom of the page verified.]]>
            </line>
            <line>
              <![CDATA[Saved]]>
            </line>
            <line>
              <![CDATA[<a target='_blank' href='../html/screenshots/13_Jul_2014__04_46_09PM.png'>View Screenshot</a>]]>
            </line>
          </reporter-output>
        </test-method> <!-- TC1_verifyDetailsAfterLogin -->
        <test-method status="PASS" signature="closeBrowser()[pri:0, instance:test.Test_Tre@799f4192]" name="closeBrowser" is-config="true" duration-ms="196" started-at="2014-07-13T16:46:09Z" finished-at="2014-07-13T16:46:09Z">
          <reporter-output>
          </reporter-output>
        </test-method> <!-- closeBrowser -->
      </class> <!-- test.Test_Tre -->
    </test> <!-- Default test -->
  </suite> <!-- Default suite -->
</testng-results>
